<?xml version="1.0" encoding="UTF-8"?>
<testng-results ignored="0" total="6" passed="5" failed="1" skipped="0">
  <reporter-output>
  </reporter-output>
  <suite started-at="2023-07-03T17:32:31 IST" name="Default suite" finished-at="2023-07-03T17:32:32 IST" duration-ms="784">
    <groups>
    </groups>
    <test started-at="2023-07-03T17:32:31 IST" name="Default test" finished-at="2023-07-03T17:32:32 IST" duration-ms="784">
      <class name="com.nkxgen.spring.jdbc.Test.TransactionControllerTest">
        <test-method is-config="true" signature="setUp()[pri:0, instance:com.nkxgen.spring.jdbc.Test.TransactionControllerTest@68567e20]" started-at="2023-07-03T17:32:31 IST" name="setUp" finished-at="2023-07-03T17:32:31 IST" duration-ms="664" status="PASS">
          <reporter-output>
          </reporter-output>
        </test-method> <!-- setUp -->
        <test-method signature="getAccountDetails_ValidAccount_ReturnsSubMoneyDepositView()[pri:0, instance:com.nkxgen.spring.jdbc.Test.TransactionControllerTest@68567e20]" started-at="2023-07-03T17:32:31 IST" name="getAccountDetails_ValidAccount_ReturnsSubMoneyDepositView" finished-at="2023-07-03T17:32:31 IST" duration-ms="25" status="PASS">
          <reporter-output>
          </reporter-output>
        </test-method> <!-- getAccountDetails_ValidAccount_ReturnsSubMoneyDepositView -->
        <test-method is-config="true" signature="setUp()[pri:0, instance:com.nkxgen.spring.jdbc.Test.TransactionControllerTest@68567e20]" started-at="2023-07-03T17:32:31 IST" name="setUp" finished-at="2023-07-03T17:32:31 IST" duration-ms="1" status="PASS">
          <reporter-output>
          </reporter-output>
        </test-method> <!-- setUp -->
        <test-method signature="loWithdrawlForm_ValidModel_ReturnsLoanWithdrawlFormView()[pri:0, instance:com.nkxgen.spring.jdbc.Test.TransactionControllerTest@68567e20]" started-at="2023-07-03T17:32:31 IST" name="loWithdrawlForm_ValidModel_ReturnsLoanWithdrawlFormView" finished-at="2023-07-03T17:32:31 IST" duration-ms="2" status="PASS">
          <reporter-output>
          </reporter-output>
        </test-method> <!-- loWithdrawlForm_ValidModel_ReturnsLoanWithdrawlFormView -->
        <test-method is-config="true" signature="setUp()[pri:0, instance:com.nkxgen.spring.jdbc.Test.TransactionControllerTest@68567e20]" started-at="2023-07-03T17:32:31 IST" name="setUp" finished-at="2023-07-03T17:32:31 IST" duration-ms="1" status="PASS">
          <reporter-output>
          </reporter-output>
        </test-method> <!-- setUp -->
        <test-method signature="loanRepaymentForm_ValidModel_ReturnsLoanRepaymentView()[pri:0, instance:com.nkxgen.spring.jdbc.Test.TransactionControllerTest@68567e20]" started-at="2023-07-03T17:32:31 IST" name="loanRepaymentForm_ValidModel_ReturnsLoanRepaymentView" finished-at="2023-07-03T17:32:31 IST" duration-ms="1" status="PASS">
          <reporter-output>
          </reporter-output>
        </test-method> <!-- loanRepaymentForm_ValidModel_ReturnsLoanRepaymentView -->
        <test-method is-config="true" signature="setUp()[pri:0, instance:com.nkxgen.spring.jdbc.Test.TransactionControllerTest@68567e20]" started-at="2023-07-03T17:32:31 IST" name="setUp" finished-at="2023-07-03T17:32:31 IST" duration-ms="1" status="PASS">
          <reporter-output>
          </reporter-output>
        </test-method> <!-- setUp -->
        <test-method signature="moneyDepositeForm_ValidModel_ReturnsMoneyDepositView()[pri:0, instance:com.nkxgen.spring.jdbc.Test.TransactionControllerTest@68567e20]" started-at="2023-07-03T17:32:31 IST" name="moneyDepositeForm_ValidModel_ReturnsMoneyDepositView" finished-at="2023-07-03T17:32:31 IST" duration-ms="4" status="PASS">
          <reporter-output>
          </reporter-output>
        </test-method> <!-- moneyDepositeForm_ValidModel_ReturnsMoneyDepositView -->
        <test-method is-config="true" signature="setUp()[pri:0, instance:com.nkxgen.spring.jdbc.Test.TransactionControllerTest@68567e20]" started-at="2023-07-03T17:32:31 IST" name="setUp" finished-at="2023-07-03T17:32:31 IST" duration-ms="1" status="PASS">
          <reporter-output>
          </reporter-output>
        </test-method> <!-- setUp -->
        <test-method signature="moneyWithdrawlForm_ValidModel_ReturnsMoneyWithdrawlFormView()[pri:0, instance:com.nkxgen.spring.jdbc.Test.TransactionControllerTest@68567e20]" started-at="2023-07-03T17:32:31 IST" name="moneyWithdrawlForm_ValidModel_ReturnsMoneyWithdrawlFormView" finished-at="2023-07-03T17:32:31 IST" duration-ms="1" status="PASS">
          <reporter-output>
          </reporter-output>
        </test-method> <!-- moneyWithdrawlForm_ValidModel_ReturnsMoneyWithdrawlFormView -->
        <test-method is-config="true" signature="setUp()[pri:0, instance:com.nkxgen.spring.jdbc.Test.TransactionControllerTest@68567e20]" started-at="2023-07-03T17:32:31 IST" name="setUp" finished-at="2023-07-03T17:32:31 IST" duration-ms="1" status="PASS">
          <reporter-output>
          </reporter-output>
        </test-method> <!-- setUp -->
        <test-method signature="testGetDepositMoney_Success()[pri:0, instance:com.nkxgen.spring.jdbc.Test.TransactionControllerTest@68567e20]" started-at="2023-07-03T17:32:31 IST" name="testGetDepositMoney_Success" finished-at="2023-07-03T17:32:32 IST" duration-ms="22" status="FAIL">
          <exception class="java.lang.AssertionError">
            <message>
              <![CDATA[expected [deposit successfully] but found [Failed to deposit money: Cannot invoke "org.springframework.context.ApplicationEventPublisher.publishEvent(Object)" because "this.applicationEventPublisher" is null]]]>
            </message>
            <full-stacktrace>
              <![CDATA[java.lang.AssertionError: expected [deposit successfully] but found [Failed to deposit money: Cannot invoke "org.springframework.context.ApplicationEventPublisher.publishEvent(Object)" because "this.applicationEventPublisher" is null]
at org.testng.Assert.fail(Assert.java:111)
at org.testng.Assert.failNotEquals(Assert.java:1578)
at org.testng.Assert.assertEqualsImpl(Assert.java:150)
at org.testng.Assert.assertEquals(Assert.java:132)
at org.testng.Assert.assertEquals(Assert.java:656)
at org.testng.Assert.assertEquals(Assert.java:666)
at com.nkxgen.spring.jdbc.Test.TransactionControllerTest.testGetDepositMoney_Success(TransactionControllerTest.java:136)
at java.base/jdk.internal.reflect.NativeMethodAccessorImpl.invoke0(Native Method)
at java.base/jdk.internal.reflect.NativeMethodAccessorImpl.invoke(NativeMethodAccessorImpl.java:62)
at java.base/jdk.internal.reflect.DelegatingMethodAccessorImpl.invoke(DelegatingMethodAccessorImpl.java:43)
at java.base/java.lang.reflect.Method.invoke(Method.java:564)
at org.testng.internal.invokers.MethodInvocationHelper.invokeMethod(MethodInvocationHelper.java:139)
at org.testng.internal.invokers.TestInvoker.invokeMethod(TestInvoker.java:664)
at org.testng.internal.invokers.TestInvoker.invokeTestMethod(TestInvoker.java:227)
at org.testng.internal.invokers.MethodRunner.runInSequence(MethodRunner.java:50)
at org.testng.internal.invokers.TestInvoker$MethodInvocationAgent.invoke(TestInvoker.java:957)
at org.testng.internal.invokers.TestInvoker.invokeTestMethods(TestInvoker.java:200)
at org.testng.internal.invokers.TestMethodWorker.invokeTestMethods(TestMethodWorker.java:148)
at org.testng.internal.invokers.TestMethodWorker.run(TestMethodWorker.java:128)
at java.base/java.util.ArrayList.forEach(ArrayList.java:1510)
at org.testng.TestRunner.privateRun(TestRunner.java:848)
at org.testng.TestRunner.run(TestRunner.java:621)
at org.testng.SuiteRunner.runTest(SuiteRunner.java:443)
at org.testng.SuiteRunner.runSequentially(SuiteRunner.java:437)
at org.testng.SuiteRunner.privateRun(SuiteRunner.java:397)
at org.testng.SuiteRunner.run(SuiteRunner.java:336)
at org.testng.SuiteRunnerWorker.runSuite(SuiteRunnerWorker.java:52)
at org.testng.SuiteRunnerWorker.run(SuiteRunnerWorker.java:95)
at org.testng.TestNG.runSuitesSequentially(TestNG.java:1280)
at org.testng.TestNG.runSuitesLocally(TestNG.java:1200)
at org.testng.TestNG.runSuites(TestNG.java:1114)
at org.testng.TestNG.run(TestNG.java:1082)
at org.testng.remote.AbstractRemoteTestNG.run(AbstractRemoteTestNG.java:115)
at org.testng.remote.RemoteTestNG.initAndRun(RemoteTestNG.java:251)
at org.testng.remote.RemoteTestNG.main(RemoteTestNG.java:77)
]]>
            </full-stacktrace>
          </exception> <!-- java.lang.AssertionError -->
          <reporter-output>
          </reporter-output>
        </test-method> <!-- testGetDepositMoney_Success -->
      </class> <!-- com.nkxgen.spring.jdbc.Test.TransactionControllerTest -->
    </test> <!-- Default test -->
  </suite> <!-- Default suite -->
</testng-results>
